#
# There is insufficient memory for the Java Runtime Environment to continue.
# Native memory allocation (malloc) failed to allocate 2509376 bytes for Chunk::new
# Possible reasons:
#   The system is out of physical RAM or swap space
#   In 32 bit mode, the process size limit was hit
# Possible solutions:
#   Reduce memory load on the system
#   Increase physical memory or swap space
#   Check if swap backing store is full
#   Use 64 bit Java on a 64 bit OS
#   Decrease Java heap size (-Xmx/-Xms)
#   Decrease number of Java threads
#   Decrease Java thread stack sizes (-Xss)
#   Set larger code cache with -XX:ReservedCodeCacheSize=
# This output file may be truncated or incomplete.
#
#  Out of Memory Error (allocation.cpp:390), pid=11796, tid=0x0000000000000eb4
#
# JRE version: Java(TM) SE Runtime Environment (8.0_102-b14) (build 1.8.0_102-b14)
# Java VM: Java HotSpot(TM) 64-Bit Server VM (25.102-b14 mixed mode windows-amd64 compressed oops)
# Failed to write core dump. Minidumps are not enabled by default on client versions of Windows
#

---------------  T H R E A D  ---------------

Current thread (0x000000001d1c3800):  JavaThread "C2 CompilerThread0" daemon [_thread_in_native, id=3764, stack(0x000000001e100000,0x000000001e200000)]

Stack: [0x000000001e100000,0x000000001e200000]
[error occurred during error reporting (printing stack bounds), id 0xc0000005]

Native frames: (J=compiled Java code, j=interpreted, Vv=VM code, C=native code)


Current CompileTask:
C2:  96918 12181   !   4       com.sun.tools.javac.file.JavacFileManager::listContainer (94 bytes)


---------------  P R O C E S S  ---------------

Java Threads: ( => current thread )
  0x00000000229aa000 JavaThread "File lock request listener" [_thread_in_native, id=11800, stack(0x0000000026f00000,0x0000000027000000)]
  0x000000002036a000 JavaThread "pool-1-thread-1" [_thread_blocked, id=380, stack(0x0000000022530000,0x0000000022630000)]
  0x000000001d235000 JavaThread "Service Thread" daemon [_thread_blocked, id=10592, stack(0x000000001f1e0000,0x000000001f2e0000)]
  0x000000001d1ed800 JavaThread "C1 CompilerThread3" daemon [_thread_blocked, id=8164, stack(0x000000001f040000,0x000000001f140000)]
  0x000000001d1d5000 JavaThread "C2 CompilerThread2" daemon [_thread_in_native, id=7064, stack(0x000000001edf0000,0x000000001eef0000)]
  0x000000001d1c9800 JavaThread "C2 CompilerThread1" daemon [_thread_in_native, id=8284, stack(0x000000001ebe0000,0x000000001ece0000)]
=>0x000000001d1c3800 JavaThread "C2 CompilerThread0" daemon [_thread_in_native, id=3764, stack(0x000000001e100000,0x000000001e200000)]
  0x000000001d1bc800 JavaThread "Attach Listener" daemon [_thread_blocked, id=9480, stack(0x000000001e9a0000,0x000000001eaa0000)]
  0x000000001d1bb000 JavaThread "Signal Dispatcher" daemon [_thread_blocked, id=11904, stack(0x000000001e7f0000,0x000000001e8f0000)]
  0x000000001c10d800 JavaThread "Finalizer" daemon [_thread_blocked, id=9248, stack(0x000000001e5f0000,0x000000001e6f0000)]
  0x000000001c106800 JavaThread "Reference Handler" daemon [_thread_blocked, id=6072, stack(0x000000001e3f0000,0x000000001e4f0000)]
  0x0000000001eaf000 JavaThread "main" [_thread_in_native, id=3112, stack(0x0000000001f90000,0x0000000002090000)]

Other Threads:
  0x000000001d170800 VMThread [stack: 0x000000001e250000,0x000000001e350000] [id=6904]
  0x000000001d212800 WatcherThread [stack: 0x000000001f390000,0x000000001f490000] [id=7960]

VM state:not at safepoint (normal execution)

VM Mutex/Monitor currently owned by a thread: None

Heap:
 PSYoungGen      total 1269248K, used 585653K [0x000000076b600000, 0x00000007bd680000, 0x00000007c0000000)
  eden space 1215488K, 44% used [0x000000076b600000,0x000000078c077470,0x00000007b5900000)
  from space 53760K, 94% used [0x00000007b9480000,0x00000007bc5f61e0,0x00000007bc900000)
  to   space 60928K, 0% used [0x00000007b5900000,0x00000007b5900000,0x00000007b9480000)
 ParOldGen       total 1415168K, used 1049408K [0x00000006c2200000, 0x0000000718800000, 0x000000076b600000)
  object space 1415168K, 74% used [0x00000006c2200000,0x00000007022d0380,0x0000000718800000)
 Metaspace       used 56046K, capacity 56894K, committed 57304K, reserved 1099776K
  class space    used 7123K, capacity 7342K, committed 7384K, reserved 1048576K

Card table byte_map: [0x0000000011720000,0x0000000011f10000] byte_map_base: 0x000000000e10f000

Marking Bits: (ParMarkBitMap*) 0x000000006fdaa6c0
 Begin Bits: [0x0000000013040000, 0x0000000016fb8000)
 End Bits:   [0x0000000016fb8000, 0x000000001af30000)

Polling page: 0x00000000000a0000

CodeCache: size=245760Kb used=47400Kb max_used=47453Kb free=198359Kb
 bounds [0x0000000002360000, 0x00000000051f0000, 0x0000000011360000]
 total_blobs=9905 nmethods=9158 adapters=656
 compilation: enabled

Compilation events (10 events):
Event: 96.540 Thread 0x000000001d1ed800 12462       2       com.sun.tools.javac.tree.TreeMaker::MethodDef (79 bytes)
Event: 96.540 Thread 0x000000001d1ed800 nmethod 12462 0x00000000051e2210 code [0x00000000051e2400, 0x00000000051e28c8]
Event: 96.543 Thread 0x000000001d1ed800 12464       2       com.sun.tools.javac.code.Type::getThrownTypes (4 bytes)
Event: 96.543 Thread 0x000000001d1ed800 nmethod 12464 0x00000000051dd8d0 code [0x00000000051dda20, 0x00000000051ddb70]
Event: 96.577 Thread 0x000000001d1ed800 12465       2       java.util.zip.Inflater::setInput (9 bytes)
Event: 96.577 Thread 0x000000001d1ed800 nmethod 12465 0x00000000051d6010 code [0x00000000051d6180, 0x00000000051d6308]
Event: 96.577 Thread 0x000000001d1ed800 12466       2       java.util.zip.Inflater::inflate (9 bytes)
Event: 96.578 Thread 0x000000001d1ed800 nmethod 12466 0x00000000051e1e50 code [0x00000000051e1fc0, 0x00000000051e2148]
Event: 96.600 Thread 0x000000001d1ed800 12467       2       com.sun.tools.javac.code.Symbol::isInheritedIn (208 bytes)
Event: 96.600 Thread 0x000000001d1ed800 nmethod 12467 0x00000000051e1050 code [0x00000000051e1260, 0x00000000051e1908]

GC Heap History (10 events):
Event: 81.987 GC heap before
{Heap before GC invocations=70 (full 6):
 PSYoungGen      total 1209856K, used 1198011K [0x000000076b600000, 0x00000007b9a00000, 0x00000007c0000000)
  eden space 1166848K, 100% used [0x000000076b600000,0x00000007b2980000,0x00000007b2980000)
  from space 43008K, 72% used [0x00000007b2980000,0x00000007b47eeca8,0x00000007b5380000)
  to   space 44544K, 0% used [0x00000007b6e80000,0x00000007b6e80000,0x00000007b9a00000)
 ParOldGen       total 1415168K, used 1029610K [0x00000006c2200000, 0x0000000718800000, 0x000000076b600000)
  object space 1415168K, 72% used [0x00000006c2200000,0x0000000700f7abb0,0x0000000718800000)
 Metaspace       used 50215K, capacity 50972K, committed 51288K, reserved 1093632K
  class space    used 6493K, capacity 6723K, committed 6744K, reserved 1048576K
Event: 82.000 GC heap after
Heap after GC invocations=70 (full 6):
 PSYoungGen      total 1227264K, used 13885K [0x000000076b600000, 0x00000007b9400000, 0x00000007c0000000)
  eden space 1188864K, 0% used [0x000000076b600000,0x000000076b600000,0x00000007b3f00000)
  from space 38400K, 36% used [0x00000007b6e80000,0x00000007b7c0f5f8,0x00000007b9400000)
  to   space 43520K, 0% used [0x00000007b3f00000,0x00000007b3f00000,0x00000007b6980000)
 ParOldGen       total 1415168K, used 1030034K [0x00000006c2200000, 0x0000000718800000, 0x000000076b600000)
  object space 1415168K, 72% used [0x00000006c2200000,0x0000000700fe4bb0,0x0000000718800000)
 Metaspace       used 50215K, capacity 50972K, committed 51288K, reserved 1093632K
  class space    used 6493K, capacity 6723K, committed 6744K, reserved 1048576K
}
Event: 85.588 GC heap before
{Heap before GC invocations=71 (full 6):
 PSYoungGen      total 1227264K, used 1202749K [0x000000076b600000, 0x00000007b9400000, 0x00000007c0000000)
  eden space 1188864K, 100% used [0x000000076b600000,0x00000007b3f00000,0x00000007b3f00000)
  from space 38400K, 36% used [0x00000007b6e80000,0x00000007b7c0f5f8,0x00000007b9400000)
  to   space 43520K, 0% used [0x00000007b3f00000,0x00000007b3f00000,0x00000007b6980000)
 ParOldGen       total 1415168K, used 1030034K [0x00000006c2200000, 0x0000000718800000, 0x000000076b600000)
  object space 1415168K, 72% used [0x00000006c2200000,0x0000000700fe4bb0,0x0000000718800000)
 Metaspace       used 50247K, capacity 51036K, committed 51544K, reserved 1093632K
  class space    used 6493K, capacity 6723K, committed 6744K, reserved 1048576K
Event: 85.599 GC heap after
Heap after GC invocations=71 (full 6):
 PSYoungGen      total 1232384K, used 14172K [0x000000076b600000, 0x00000007ba480000, 0x00000007c0000000)
  eden space 1188864K, 0% used [0x000000076b600000,0x000000076b600000,0x00000007b3f00000)
  from space 43520K, 32% used [0x00000007b3f00000,0x00000007b4cd7088,0x00000007b6980000)
  to   space 42496K, 0% used [0x00000007b7b00000,0x00000007b7b00000,0x00000007ba480000)
 ParOldGen       total 1415168K, used 1030698K [0x00000006c2200000, 0x0000000718800000, 0x000000076b600000)
  object space 1415168K, 72% used [0x00000006c2200000,0x000000070108abb0,0x0000000718800000)
 Metaspace       used 50247K, capacity 51036K, committed 51544K, reserved 1093632K
  class space    used 6493K, capacity 6723K, committed 6744K, reserved 1048576K
}
Event: 88.227 GC heap before
{Heap before GC invocations=72 (full 6):
 PSYoungGen      total 1232384K, used 1203036K [0x000000076b600000, 0x00000007ba480000, 0x00000007c0000000)
  eden space 1188864K, 100% used [0x000000076b600000,0x00000007b3f00000,0x00000007b3f00000)
  from space 43520K, 32% used [0x00000007b3f00000,0x00000007b4cd7088,0x00000007b6980000)
  to   space 42496K, 0% used [0x00000007b7b00000,0x00000007b7b00000,0x00000007ba480000)
 ParOldGen       total 1415168K, used 1030698K [0x00000006c2200000, 0x0000000718800000, 0x000000076b600000)
  object space 1415168K, 72% used [0x00000006c2200000,0x000000070108abb0,0x0000000718800000)
 Metaspace       used 50268K, capacity 51048K, committed 51544K, reserved 1093632K
  class space    used 6494K, capacity 6725K, committed 6744K, reserved 1048576K
Event: 88.239 GC heap after
Heap after GC invocations=72 (full 6):
 PSYoungGen      total 1244160K, used 13124K [0x000000076b600000, 0x00000007ba080000, 0x00000007c0000000)
  eden space 1205760K, 0% used [0x000000076b600000,0x000000076b600000,0x00000007b4f80000)
  from space 38400K, 34% used [0x00000007b7b00000,0x00000007b87d1020,0x00000007ba080000)
  to   space 41472K, 0% used [0x00000007b4f80000,0x00000007b4f80000,0x00000007b7800000)
 ParOldGen       total 1415168K, used 1031514K [0x00000006c2200000, 0x0000000718800000, 0x000000076b600000)
  object space 1415168K, 72% used [0x00000006c2200000,0x0000000701156bb0,0x0000000718800000)
 Metaspace       used 50268K, capacity 51048K, committed 51544K, reserved 1093632K
  class space    used 6494K, capacity 6725K, committed 6744K, reserved 1048576K
}
Event: 90.910 GC heap before
{Heap before GC invocations=73 (full 6):
 PSYoungGen      total 1244160K, used 1218884K [0x000000076b600000, 0x00000007ba080000, 0x00000007c0000000)
  eden space 1205760K, 100% used [0x000000076b600000,0x00000007b4f80000,0x00000007b4f80000)
  from space 38400K, 34% used [0x00000007b7b00000,0x00000007b87d1020,0x00000007ba080000)
  to   space 41472K, 0% used [0x00000007b4f80000,0x00000007b4f80000,0x00000007b7800000)
 ParOldGen       total 1415168K, used 1031514K [0x00000006c2200000, 0x0000000718800000, 0x000000076b600000)
  object space 1415168K, 72% used [0x00000006c2200000,0x0000000701156bb0,0x0000000718800000)
 Metaspace       used 50513K, capacity 51264K, committed 51544K, reserved 1093632K
  class space    used 6501K, capacity 6729K, committed 6744K, reserved 1048576K
Event: 90.931 GC heap after
Heap after GC invocations=73 (full 6):
 PSYoungGen      total 1247232K, used 41470K [0x000000076b600000, 0x00000007bc900000, 0x00000007c0000000)
  eden space 1205760K, 0% used [0x000000076b600000,0x000000076b600000,0x00000007b4f80000)
  from space 41472K, 99% used [0x00000007b4f80000,0x00000007b77ffaf0,0x00000007b7800000)
  to   space 53760K, 0% used [0x00000007b9480000,0x00000007b9480000,0x00000007bc900000)
 ParOldGen       total 1415168K, used 1048296K [0x00000006c2200000, 0x0000000718800000, 0x000000076b600000)
  object space 1415168K, 74% used [0x00000006c2200000,0x00000007021ba380,0x0000000718800000)
 Metaspace       used 50513K, capacity 51264K, committed 51544K, reserved 1093632K
  class space    used 6501K, capacity 6729K, committed 6744K, reserved 1048576K
}
Event: 94.699 GC heap before
{Heap before GC invocations=74 (full 6):
 PSYoungGen      total 1247232K, used 1247230K [0x000000076b600000, 0x00000007bc900000, 0x00000007c0000000)
  eden space 1205760K, 100% used [0x000000076b600000,0x00000007b4f80000,0x00000007b4f80000)
  from space 41472K, 99% used [0x00000007b4f80000,0x00000007b77ffaf0,0x00000007b7800000)
  to   space 53760K, 0% used [0x00000007b9480000,0x00000007b9480000,0x00000007bc900000)
 ParOldGen       total 1415168K, used 1048296K [0x00000006c2200000, 0x0000000718800000, 0x000000076b600000)
  object space 1415168K, 74% used [0x00000006c2200000,0x00000007021ba380,0x0000000718800000)
 Metaspace       used 55277K, capacity 56126K, committed 56536K, reserved 1097728K
  class space    used 7098K, capacity 7342K, committed 7384K, reserved 1048576K
Event: 94.723 GC heap after
Heap after GC invocations=74 (full 6):
 PSYoungGen      total 1269248K, used 50648K [0x000000076b600000, 0x00000007bd680000, 0x00000007c0000000)
  eden space 1215488K, 0% used [0x000000076b600000,0x000000076b600000,0x00000007b5900000)
  from space 53760K, 94% used [0x00000007b9480000,0x00000007bc5f61e0,0x00000007bc900000)
  to   space 60928K, 0% used [0x00000007b5900000,0x00000007b5900000,0x00000007b9480000)
 ParOldGen       total 1415168K, used 1049408K [0x00000006c2200000, 0x0000000718800000, 0x000000076b600000)
  object space 1415168K, 74% used [0x00000006c2200000,0x00000007022d0380,0x0000000718800000)
 Metaspace       used 55277K, capacity 56126K, committed 56536K, reserved 1097728K
  class space    used 7098K, capacity 7342K, committed 7384K, reserved 1048576K
}

Deoptimization events (10 events):
Event: 96.137 Thread 0x0000000001eaf000 Uncommon trap: reason=unstable_if action=reinterpret pc=0x0000000002678594 method=java.io.WinNTFileSystem.normalizePrefix(Ljava/lang/String;ILjava/lang/StringBuffer;)I @ 62
Event: 96.164 Thread 0x0000000001eaf000 Uncommon trap: reason=unstable_if action=reinterpret pc=0x0000000005092200 method=com.sun.tools.javac.jvm.ClassReader.sigToType()Lcom/sun/tools/javac/code/Type; @ 697
Event: 96.186 Thread 0x0000000001eaf000 Uncommon trap: reason=bimorphic action=maybe_recompile pc=0x000000000504c654 method=com.sun.tools.javac.code.Symbol$TypeSymbol.formFlatName(Lcom/sun/tools/javac/util/Name;Lcom/sun/tools/javac/code/Symbol;)Lcom/sun/tools/javac/util/Name; @ 54
Event: 96.186 Thread 0x0000000001eaf000 Uncommon trap: reason=bimorphic action=maybe_recompile pc=0x000000000504c654 method=com.sun.tools.javac.code.Symbol$TypeSymbol.formFlatName(Lcom/sun/tools/javac/util/Name;Lcom/sun/tools/javac/code/Symbol;)Lcom/sun/tools/javac/util/Name; @ 54
Event: 96.197 Thread 0x0000000001eaf000 Uncommon trap: reason=unloaded action=reinterpret pc=0x00000000050cf68c method=com.sun.tools.javac.jvm.ClassReader.readPool(I)Ljava/lang/Object; @ 390
Event: 96.388 Thread 0x0000000001eaf000 Uncommon trap: reason=unstable_if action=reinterpret pc=0x00000000051ae050 method=com.sun.tools.javac.comp.Resolve.findInheritedMemberType(Lcom/sun/tools/javac/comp/Env;Lcom/sun/tools/javac/code/Type;Lcom/sun/tools/javac/util/Name;Lcom/sun/tools/javac/codeë%|<&X@
Event: 96.597 Thread 0x0000000001eaf000 Uncommon trap: reason=speculate_class_check action=maybe_recompile pc=0x000000000519c684 method=com.sun.tools.javac.code.Type.hasTag(Lcom/sun/tools/javac/code/TypeTag;)Z @ 2
Event: 96.600 Thread 0x0000000001eaf000 Uncommon trap: reason=speculate_class_check action=maybe_recompile pc=0x000000000519c684 method=com.sun.tools.javac.code.Type.hasTag(Lcom/sun/tools/javac/code/TypeTag;)Z @ 2
Event: 96.600 Thread 0x0000000001eaf000 Uncommon trap: reason=speculate_class_check action=maybe_recompile pc=0x000000000519c684 method=com.sun.tools.javac.code.Type.hasTag(Lcom/sun/tools/javac/code/TypeTag;)Z @ 2
Event: 96.600 Thread 0x0000000001eaf000 Uncommon trap: reason=speculate_class_check action=maybe_recompile pc=0x000000000519c684 method=com.sun.tools.javac.code.Type.hasTag(Lcom/sun/tools/javac/code/TypeTag;)Z @ 2

Internal exceptions (10 events):
Event: 59.124 Thread 0x0000000001eaf000 Implicit null exception at 0x00000000041aa465 to 0x00000000041aae25
Event: 59.124 Thread 0x0000000001eaf000 Implicit null exception at 0x0000000003dfbf4a to 0x0000000003dfd171
Event: 61.294 Thread 0x0000000001eaf000 Implicit null exception at 0x0000000003d21688 to 0x0000000003d21cd1
Event: 61.664 Thread 0x0000000001eaf000 Implicit null exception at 0x0000000003f5244f to 0x0000000003f551e9
Event: 73.845 Thread 0x0000000001eaf000 Implicit null exception at 0x0000000003e6f488 to 0x0000000003e6f95f
Event: 73.940 Thread 0x0000000001eaf000 Implicit null exception at 0x00000000046bdfff to 0x00000000046c1c7d
Event: 78.718 Thread 0x0000000001eaf000 Implicit null exception at 0x00000000046cffa8 to 0x00000000046d4359
Event: 79.382 Thread 0x0000000001eaf000 Implicit null exception at 0x00000000036be6f5 to 0x00000000036bea2a
Event: 95.792 Thread 0x0000000001eaf000 Exception <a 'java/io/FileNotFoundException'> (0x000000077f292088) thrown at [C:\re\workspace\8-2-build-windows-amd64-cygwin\jdk8u102\7268\hotspot\src\share\vm\prims\jni.cpp, line 709]
Event: 95.793 Thread 0x0000000001eaf000 Exception <a 'java/io/FileNotFoundException'> (0x000000077f2c61b0) thrown at [C:\re\workspace\8-2-build-windows-amd64-cygwin\jdk8u102\7268\hotspot\src\share\vm\prims\jni.cpp, line 709]

Events (10 events):
Event: 96.600 Thread 0x0000000001eaf000 DEOPT UNPACKING pc=0x00000000023a582a sp=0x0000000002088d48 mode 2
Event: 96.600 Thread 0x0000000001eaf000 Uncommon trap: trap_request=0xffffff76 fr.pc=0x000000000519c684
Event: 96.600 Thread 0x0000000001eaf000 DEOPT PACKING pc=0x000000000519c684 sp=0x00000000020896f0
Event: 96.600 Thread 0x0000000001eaf000 DEOPT UNPACKING pc=0x00000000023a582a sp=0x00000000020896e8 mode 2
Event: 96.600 Thread 0x000000001d1ed800 flushing nmethod 0x000000000247a510
Event: 96.600 Thread 0x000000001d1ed800 flushing nmethod 0x000000000249c3d0
Event: 96.600 Thread 0x000000001d1ed800 flushing nmethod 0x00000000024a8e90
Event: 96.600 Thread 0x000000001d1ed800 flushing nmethod 0x00000000024cc150
Event: 96.607 Thread 0x0000000001eaf000 DEOPT PACKING pc=0x000000000511881b sp=0x00000000020890a0
Event: 96.607 Thread 0x0000000001eaf000 DEOPT UNPACKING pc=0x00000000023a787f sp=0x0000000002088e48 mode 0


Dynamic libraries:
0x000000013fd70000 - 0x000000013fda7000 	C:\Program Files\Java\jdk1.8.0_102\bin\java.exe
0x0000000076e30000 - 0x0000000076fda000 	C:\Windows\SYSTEM32\ntdll.dll
0x0000000076c10000 - 0x0000000076d2f000 	C:\Windows\system32\kernel32.dll
0x000007fefcdf0000 - 0x000007fefce5a000 	C:\Windows\system32\KERNELBASE.dll
0x000007fefe500000 - 0x000007fefe5db000 	C:\Windows\system32\ADVAPI32.dll
0x000007fefe890000 - 0x000007fefe92f000 	C:\Windows\system32\msvcrt.dll
0x000007fefed60000 - 0x000007fefed7f000 	C:\Windows\SYSTEM32\sechost.dll
0x000007fefec30000 - 0x000007fefed5d000 	C:\Windows\system32\RPCRT4.dll
0x0000000076d30000 - 0x0000000076e2a000 	C:\Windows\system32\USER32.dll
0x000007fefed80000 - 0x000007fefede7000 	C:\Windows\system32\GDI32.dll
0x000007fefd410000 - 0x000007fefd41e000 	C:\Windows\system32\LPK.dll
0x000007fefe430000 - 0x000007fefe4fa000 	C:\Windows\system32\USP10.dll
0x000007fefb6f0000 - 0x000007fefb8e4000 	C:\Windows\WinSxS\amd64_microsoft.windows.common-controls_6595b64144ccf1df_6.0.7601.18837_none_fa3b1e3d17594757\COMCTL32.dll
0x000007fefee40000 - 0x000007fefeeb1000 	C:\Windows\system32\SHLWAPI.dll
0x000007fefe930000 - 0x000007fefe95e000 	C:\Windows\system32\IMM32.DLL
0x000007fefe230000 - 0x000007fefe339000 	C:\Windows\system32\MSCTF.dll
0x0000000055460000 - 0x0000000055531000 	C:\Program Files\Java\jdk1.8.0_102\jre\bin\msvcr100.dll
0x000000006f590000 - 0x000000006fe2a000 	C:\Program Files\Java\jdk1.8.0_102\jre\bin\server\jvm.dll
0x000007fef82c0000 - 0x000007fef82c9000 	C:\Windows\system32\WSOCK32.dll
0x000007fefedf0000 - 0x000007fefee3d000 	C:\Windows\system32\WS2_32.dll
0x000007fefe340000 - 0x000007fefe348000 	C:\Windows\system32\NSI.dll
0x000007fefa4a0000 - 0x000007fefa4db000 	C:\Windows\system32\WINMM.dll
0x000007fefbc50000 - 0x000007fefbc5c000 	C:\Windows\system32\VERSION.dll
0x0000000076ff0000 - 0x0000000076ff7000 	C:\Windows\system32\PSAPI.DLL
0x0000000061b20000 - 0x0000000061b2f000 	C:\Program Files\Java\jdk1.8.0_102\jre\bin\verify.dll
0x0000000056a80000 - 0x0000000056aa9000 	C:\Program Files\Java\jdk1.8.0_102\jre\bin\java.dll
0x000000005bee0000 - 0x000000005bef6000 	C:\Program Files\Java\jdk1.8.0_102\jre\bin\zip.dll
0x000007fefd4a0000 - 0x000007fefe22a000 	C:\Windows\system32\SHELL32.dll
0x000007fefcf20000 - 0x000007fefd123000 	C:\Windows\system32\ole32.dll
0x000007fefcb70000 - 0x000007fefcb7f000 	C:\Windows\system32\profapi.dll
0x000000005a5b0000 - 0x000000005a5ca000 	C:\Program Files\Java\jdk1.8.0_102\jre\bin\net.dll
0x000007fefc300000 - 0x000007fefc355000 	C:\Windows\system32\mswsock.dll
0x000007fefc2f0000 - 0x000007fefc2f7000 	C:\Windows\System32\wship6.dll
0x0000000056a60000 - 0x0000000056a71000 	C:\Program Files\Java\jdk1.8.0_102\jre\bin\nio.dll
0x000007fee99c0000 - 0x000007fee99d2000 	C:\Users\p455w0rd\.gradle\native\19\windows-amd64\native-platform.dll
0x0000000180000000 - 0x0000000180037000 	C:\Users\p455w0rd\.gradle\native\jna\win32-amd64\jnidispatch.dll
0x000007fefc360000 - 0x000007fefc378000 	C:\Windows\system32\CRYPTSP.dll
0x000007fefc060000 - 0x000007fefc0a7000 	C:\Windows\system32\rsaenh.dll
0x000007fefce60000 - 0x000007fefce7e000 	C:\Windows\system32\USERENV.dll
0x000007fefc960000 - 0x000007fefc96f000 	C:\Windows\system32\CRYPTBASE.dll
0x000007fef9600000 - 0x000007fef9627000 	C:\Windows\system32\IPHLPAPI.DLL
0x000007fef95f0000 - 0x000007fef95fb000 	C:\Windows\system32\WINNSI.DLL
0x000007fef93f0000 - 0x000007fef9401000 	C:\Windows\system32\dhcpcsvc6.DLL
0x000007fef93d0000 - 0x000007fef93e8000 	C:\Windows\system32\dhcpcsvc.DLL
0x0000000061630000 - 0x000000006163d000 	C:\Program Files\Java\jdk1.8.0_102\jre\bin\management.dll
0x000007fefca10000 - 0x000007fefca67000 	C:\Windows\system32\apphelp.dll
0x0000000055430000 - 0x0000000055454000 	C:\Program Files\Java\jdk1.8.0_102\jre\bin\sunec.dll
0x000007fefbd20000 - 0x000007fefbd27000 	C:\Windows\System32\wshtcpip.dll
0x000007fefc180000 - 0x000007fefc1db000 	C:\Windows\system32\DNSAPI.dll
0x000007fef70d0000 - 0x000007fef70d8000 	C:\Windows\system32\rasadhlp.dll
0x000007fef9470000 - 0x000007fef94c3000 	C:\Windows\System32\fwpuclnt.dll
0x000000005f640000 - 0x000000005f64b000 	C:\Program Files\Java\jdk1.8.0_102\jre\bin\sunmscapi.dll
0x000007fefcc30000 - 0x000007fefcd9d000 	C:\Windows\system32\CRYPT32.dll
0x000007fefcb60000 - 0x000007fefcb6f000 	C:\Windows\system32\MSASN1.dll

VM Arguments:
jvm_args: -Dorg.gradle.appname=gradlew 
java_command: org.gradle.wrapper.GradleWrapperMain setupDecompWorkspace eclipse
java_class_path (initial): C:\mc_modding\Practical-Plasmids\\gradle\wrapper\gradle-wrapper.jar
Launcher Type: SUN_STANDARD

Environment Variables:
JAVA_HOME=C:\Program Files\Java\jdk1.8.0_102
CLASSPATH=C:\mc_modding\Practical-Plasmids\\gradle\wrapper\gradle-wrapper.jar
PATH=C:\ProgramData\Oracle\Java\javapath;C:\Program Files (x86)\Intel\iCLS Client\;C:\Program Files\Intel\iCLS Client\;C:\Windows\system32;C:\Windows;C:\Windows\System32\Wbem;C:\Windows\System32\WindowsPowerShell\v1.0\;C:\Program Files\Intel\Intel(R) Management Engine Components\DAL;C:\Program Files\Intel\Intel(R) Management Engine Components\IPT;C:\Program Files (x86)\Intel\Intel(R) Management Engine Components\DAL;C:\Program Files (x86)\Intel\Intel(R) Management Engine Components\IPT;C:\Program Files (x86)\AMD\ATI.ACE\Core-Static;J:\Skype\Phone\;C:\Program Files\Git\cmd;C:\Program Files\Java\jdk1.8.0_102\bin;C:\Program Files (x86)\Skype\Phone\
USERNAME=p455w0rd
OS=Windows_NT
PROCESSOR_IDENTIFIER=Intel64 Family 6 Model 60 Stepping 3, GenuineIntel



---------------  S Y S T E M  ---------------

OS: Windows 7 , 64 bit Build 7601 (6.1.7601.23539)

CPU:total 8 (4 cores per cpu, 2 threads per core) family 6 model 60 stepping 3, cmov, cx8, fxsr, mmx, sse, sse2, sse3, ssse3, sse4.1, sse4.2, popcnt, avx, avx2, aes, clmul, erms, rtm, lzcnt, ht, tsc, tscinvbit, bmi1, bmi2

Memory: 4k page, physical 16632652k(3497712k free), swap 18751132k(23464k free)

vm_info: Java HotSpot(TM) 64-Bit Server VM (25.102-b14) for windows-amd64 JRE (1.8.0_102-b14), built on Jun 22 2016 13:15:21 by "java_re" with MS VC++ 10.0 (VS2010)

time: Wed Sep 28 00:23:33 2016
elapsed time: 96 seconds (0d 0h 1m 36s)

